  [1m[35m (1.4ms)[0m  [1m[35mCREATE TABLE "schema_migrations" ("version" varchar NOT NULL PRIMARY KEY)[0m
  [1m[35m (0.2ms)[0m  [1m[35mCREATE TABLE "ar_internal_metadata" ("key" varchar NOT NULL PRIMARY KEY, "value" varchar, "created_at" datetime(6) NOT NULL, "updated_at" datetime(6) NOT NULL)[0m
  [1m[36mActiveRecord::InternalMetadata Load (0.1ms)[0m  [1m[34mSELECT * FROM "ar_internal_metadata" WHERE "ar_internal_metadata"."key" = ? ORDER BY "ar_internal_metadata"."key" ASC LIMIT 1[0m  [[nil, "environment"]]
  [1m[36mActiveRecord::InternalMetadata Create (0.2ms)[0m  [1m[32mINSERT INTO "ar_internal_metadata" ("key", "value", "created_at", "updated_at") VALUES ('environment', 'development', '2024-07-31 10:59:46.356851', '2024-07-31 10:59:46.356855') RETURNING "key"[0m
  [1m[36mActiveRecord::SchemaMigration Load (0.1ms)[0m  [1m[34mSELECT "schema_migrations"."version" FROM "schema_migrations" ORDER BY "schema_migrations"."version" ASC[0m
Migrating to CreateVishal1s (20240731105814)
  [1m[36mTRANSACTION (0.0ms)[0m  [1m[36mbegin transaction[0m
  [1m[35m (1.0ms)[0m  [1m[35mCREATE TABLE "vishal1s" ("id" integer PRIMARY KEY AUTOINCREMENT NOT NULL, "name" varchar, "email" varchar, "created_at" datetime(6) NOT NULL, "updated_at" datetime(6) NOT NULL)[0m
  [1m[36mActiveRecord::SchemaMigration Create (0.1ms)[0m  [1m[32mINSERT INTO "schema_migrations" ("version") VALUES ('20240731105814') RETURNING "version"[0m
  [1m[36mTRANSACTION (0.1ms)[0m  [1m[36mcommit transaction[0m
  [1m[36mActiveRecord::SchemaMigration Load (0.1ms)[0m  [1m[34mSELECT "schema_migrations"."version" FROM "schema_migrations" ORDER BY "schema_migrations"."version" ASC[0m
  [1m[36mActiveRecord::InternalMetadata Load (0.1ms)[0m  [1m[34mSELECT * FROM "ar_internal_metadata" WHERE "ar_internal_metadata"."key" = ? ORDER BY "ar_internal_metadata"."key" ASC LIMIT 1[0m  [[nil, "environment"]]
  [1m[36mActiveRecord::SchemaMigration Load (0.1ms)[0m  [1m[34mSELECT "schema_migrations"."version" FROM "schema_migrations" ORDER BY "schema_migrations"."version" ASC[0m
  [1m[36mActiveRecord::SchemaMigration Load (0.0ms)[0m  [1m[34mSELECT "schema_migrations"."version" FROM "schema_migrations" ORDER BY "schema_migrations"."version" ASC[0m
  [1m[36mTRANSACTION (0.1ms)[0m  [1m[36mbegin transaction[0m
  [1m[36mVishal1 Create (0.6ms)[0m  [1m[32mINSERT INTO "vishal1s" ("name", "email", "created_at", "updated_at") VALUES (?, ?, ?, ?) RETURNING "id"[0m  [["name", "vishal"], ["email", "vishal@gmail.com"], ["created_at", "2024-07-31 11:09:59.565372"], ["updated_at", "2024-07-31 11:09:59.565372"]]
  [1m[36mTRANSACTION (1.3ms)[0m  [1m[36mcommit transaction[0m
  [1m[36mVishal1 Load (0.2ms)[0m  [1m[34mSELECT "vishal1s".* FROM "vishal1s" ORDER BY "vishal1s"."id" DESC LIMIT ?[0m  [["LIMIT", 1]]
  [1m[36mTRANSACTION (0.1ms)[0m  [1m[36mbegin transaction[0m
  [1m[36mVishal1 Create (0.9ms)[0m  [1m[32mINSERT INTO "vishal1s" ("name", "email", "created_at", "updated_at") VALUES (?, ?, ?, ?) RETURNING "id"[0m  [["name", "Default Name"], ["email", "vishal@gmail.com"], ["created_at", "2024-07-31 11:12:44.652252"], ["updated_at", "2024-07-31 11:12:44.652252"]]
  [1m[36mTRANSACTION (0.3ms)[0m  [1m[36mcommit transaction[0m
  [1m[36mVishal1 Load (0.2ms)[0m  [1m[34mSELECT "vishal1s".* FROM "vishal1s" ORDER BY "vishal1s"."id" DESC LIMIT ?[0m  [["LIMIT", 1]]
  [1m[36mVishal1 Load (0.4ms)[0m  [1m[34mSELECT "vishal1s".* FROM "vishal1s" /* loading for pp */ LIMIT ?[0m  [["LIMIT", 11]]
  [1m[36mTRANSACTION (0.1ms)[0m  [1m[36mbegin transaction[0m
  [1m[36mVishal1 Create (0.5ms)[0m  [1m[32mINSERT INTO "vishal1s" ("name", "email", "created_at", "updated_at") VALUES (?, ?, ?, ?) RETURNING "id"[0m  [["name", "simran"], ["email", "simran@gmail.com"], ["created_at", "2024-07-31 11:55:33.951875"], ["updated_at", "2024-07-31 11:55:33.951875"]]
  [1m[36mTRANSACTION (0.1ms)[0m  [1m[36mcommit transaction[0m
  [1m[36mTRANSACTION (0.1ms)[0m  [1m[36mbegin transaction[0m
  [1m[36mVishal1 Create (0.4ms)[0m  [1m[32mINSERT INTO "vishal1s" ("name", "email", "created_at", "updated_at") VALUES (?, ?, ?, ?) RETURNING "id"[0m  [["name", "simran"], ["email", "simran@gmail.com"], ["created_at", "2024-07-31 11:57:38.626390"], ["updated_at", "2024-07-31 11:57:38.626390"]]
  [1m[36mTRANSACTION (0.1ms)[0m  [1m[36mcommit transaction[0m
  [1m[36mTRANSACTION (0.0ms)[0m  [1m[36mbegin transaction[0m
  [1m[36mVishal1 Create (0.3ms)[0m  [1m[32mINSERT INTO "vishal1s" ("name", "email", "created_at", "updated_at") VALUES (?, ?, ?, ?) RETURNING "id"[0m  [["name", "simran"], ["email", "simran@gmail.com"], ["created_at", "2024-07-31 12:00:50.183881"], ["updated_at", "2024-07-31 12:00:50.183881"]]
  [1m[36mTRANSACTION (0.1ms)[0m  [1m[36mcommit transaction[0m
  [1m[36mVishal1 Load (0.1ms)[0m  [1m[34mSELECT "vishal1s".* FROM "vishal1s" /* loading for pp */ LIMIT ?[0m  [["LIMIT", 11]]
  [1m[36mVishal1 Load (0.4ms)[0m  [1m[34mSELECT "vishal1s".* FROM "vishal1s" WHERE "vishal1s"."name" = ? LIMIT ?[0m  [["name", "vishal"], ["LIMIT", 1]]
  [1m[36mTRANSACTION (0.1ms)[0m  [1m[36mbegin transaction[0m
  [1m[36mVishal1 Destroy (0.9ms)[0m  [1m[31mDELETE FROM "vishal1s" WHERE "vishal1s"."id" = ?[0m  [["id", 1]]
  [1m[36mTRANSACTION (0.3ms)[0m  [1m[36mcommit transaction[0m
  [1m[36mVishal1 Load (0.2ms)[0m  [1m[34mSELECT "vishal1s".* FROM "vishal1s" /* loading for pp */ LIMIT ?[0m  [["LIMIT", 11]]
  [1m[36mVishal1 Load (0.2ms)[0m  [1m[34mSELECT "vishal1s".* FROM "vishal1s" WHERE "vishal1s"."name" = ? LIMIT ?[0m  [["name", "vishal"], ["LIMIT", 1]]
  [1m[36mVishal1 Load (0.1ms)[0m  [1m[34mSELECT "vishal1s".* FROM "vishal1s" WHERE "vishal1s"."name" = ? LIMIT ?[0m  [["name", "vishal"], ["LIMIT", 1]]
  [1m[36mVishal1 Load (0.1ms)[0m  [1m[34mSELECT "vishal1s".* FROM "vishal1s" WHERE "vishal1s"."name" = ? LIMIT ?[0m  [["name", "vishal"], ["LIMIT", 1]]
  [1m[36mVishal1 Load (0.2ms)[0m  [1m[34mSELECT "vishal1s".* FROM "vishal1s" /* loading for pp */ LIMIT ?[0m  [["LIMIT", 11]]
  [1m[36mVishal1 Load (0.2ms)[0m  [1m[34mSELECT "vishal1s".* FROM "vishal1s" WHERE "vishal1s"."name" = ? LIMIT ?[0m  [["name", "vishal"], ["LIMIT", 1]]
  [1m[36mVishal1 Load (0.2ms)[0m  [1m[34mSELECT "vishal1s".* FROM "vishal1s" WHERE "vishal1s"."name" = ? LIMIT ?[0m  [["name", "vishal"], ["LIMIT", 1]]
  [1m[36mVishal1 Load (0.4ms)[0m  [1m[34mSELECT "vishal1s".* FROM "vishal1s" /* loading for pp */ LIMIT ?[0m  [["LIMIT", 11]]
  [1m[36mTRANSACTION (0.1ms)[0m  [1m[36mbegin transaction[0m
  [1m[36mVishal1 Create (0.6ms)[0m  [1m[32mINSERT INTO "vishal1s" ("name", "email", "created_at", "updated_at") VALUES (?, ?, ?, ?) RETURNING "id"[0m  [["name", "raja"], ["email", "raja@gmail.com"], ["created_at", "2024-07-31 12:22:41.368888"], ["updated_at", "2024-07-31 12:22:41.368888"]]
  [1m[36mTRANSACTION (0.1ms)[0m  [1m[36mcommit transaction[0m
  [1m[36mVishal1 Load (0.4ms)[0m  [1m[34mSELECT "vishal1s".* FROM "vishal1s" /* loading for pp */ LIMIT ?[0m  [["LIMIT", 11]]
  [1m[36mVishal1 Load (0.1ms)[0m  [1m[34mSELECT "vishal1s".* FROM "vishal1s" WHERE "vishal1s"."name" = ? LIMIT ?[0m  [["name", "raja"], ["LIMIT", 1]]
  [1m[36mTRANSACTION (0.1ms)[0m  [1m[36mbegin transaction[0m
  [1m[36mVishal1 Destroy (0.8ms)[0m  [1m[31mDELETE FROM "vishal1s" WHERE "vishal1s"."id" = ?[0m  [["id", 6]]
  [1m[36mTRANSACTION (0.9ms)[0m  [1m[36mcommit transaction[0m
  [1m[36mVishal1 Load (0.2ms)[0m  [1m[34mSELECT "vishal1s".* FROM "vishal1s" /* loading for pp */ LIMIT ?[0m  [["LIMIT", 11]]
  [1m[36mVishal1 Load (0.2ms)[0m  [1m[34mSELECT "vishal1s".* FROM "vishal1s" WHERE "vishal1s"."name" = ? LIMIT ?[0m  [["name", "vishal"], ["LIMIT", 1]]
  [1m[36mTRANSACTION (0.1ms)[0m  [1m[36mbegin transaction[0m
  [1m[36mVishal1 Create (0.7ms)[0m  [1m[32mINSERT INTO "vishal1s" ("name", "email", "created_at", "updated_at") VALUES (?, ?, ?, ?) RETURNING "id"[0m  [["name", "raja1"], ["email", "raja1@gmail.com"], ["created_at", "2024-07-31 12:27:05.167968"], ["updated_at", "2024-07-31 12:27:05.167968"]]
  [1m[36mTRANSACTION (0.1ms)[0m  [1m[36mcommit transaction[0m
  [1m[36mVishal1 Load (0.1ms)[0m  [1m[34mSELECT "vishal1s".* FROM "vishal1s" WHERE "vishal1s"."name" = ? LIMIT ?[0m  [["name", "raja1"], ["LIMIT", 1]]
  [1m[36mTRANSACTION (0.1ms)[0m  [1m[36mbegin transaction[0m
  [1m[36mVishal1 Destroy (0.8ms)[0m  [1m[31mDELETE FROM "vishal1s" WHERE "vishal1s"."id" = ?[0m  [["id", 7]]
  [1m[36mTRANSACTION (0.3ms)[0m  [1m[36mcommit transaction[0m
  [1m[36mTRANSACTION (0.1ms)[0m  [1m[36mbegin transaction[0m
  [1m[36mVishal1 Create (0.4ms)[0m  [1m[32mINSERT INTO "vishal1s" ("name", "email", "created_at", "updated_at") VALUES (?, ?, ?, ?) RETURNING "id"[0m  [["name", "raja1"], ["email", "raja1@gmail.com"], ["created_at", "2024-07-31 12:37:28.440426"], ["updated_at", "2024-07-31 12:37:28.440426"]]
  [1m[36mTRANSACTION (0.1ms)[0m  [1m[36mcommit transaction[0m
  [1m[36mVishal1 Load (0.3ms)[0m  [1m[34mSELECT "vishal1s".* FROM "vishal1s" /* loading for pp */ LIMIT ?[0m  [["LIMIT", 11]]
  [1m[36mActiveRecord::InternalMetadata Load (0.4ms)[0m  [1m[34mSELECT * FROM "ar_internal_metadata" WHERE "ar_internal_metadata"."key" = ? ORDER BY "ar_internal_metadata"."key" ASC LIMIT 1[0m  [[nil, "environment"]]
  [1m[36mActiveRecord::SchemaMigration Load (0.1ms)[0m  [1m[34mSELECT "schema_migrations"."version" FROM "schema_migrations" ORDER BY "schema_migrations"."version" ASC[0m
Migrating to Removevishal1model (20240731124446)
  [1m[36mTRANSACTION (0.1ms)[0m  [1m[36mbegin transaction[0m
  [1m[35m (1.2ms)[0m  [1m[35mDROP TABLE "Vishal1"[0m
  [1m[36mTRANSACTION (0.1ms)[0m  [1m[31mrollback transaction[0m
  [1m[36mActiveRecord::InternalMetadata Load (0.1ms)[0m  [1m[34mSELECT * FROM "ar_internal_metadata" WHERE "ar_internal_metadata"."key" = ? ORDER BY "ar_internal_metadata"."key" ASC LIMIT 1[0m  [[nil, "environment"]]
  [1m[36mActiveRecord::SchemaMigration Load (0.1ms)[0m  [1m[34mSELECT "schema_migrations"."version" FROM "schema_migrations" ORDER BY "schema_migrations"."version" ASC[0m
Migrating to Removevishal1model (20240731124446)
  [1m[36mTRANSACTION (0.0ms)[0m  [1m[36mbegin transaction[0m
  [1m[35m (0.9ms)[0m  [1m[35mDROP TABLE "Vishal1s"[0m
  [1m[36mActiveRecord::SchemaMigration Create (0.1ms)[0m  [1m[32mINSERT INTO "schema_migrations" ("version") VALUES ('20240731124446') RETURNING "version"[0m
  [1m[36mTRANSACTION (0.1ms)[0m  [1m[36mcommit transaction[0m
  [1m[36mActiveRecord::SchemaMigration Load (0.1ms)[0m  [1m[34mSELECT "schema_migrations"."version" FROM "schema_migrations" ORDER BY "schema_migrations"."version" ASC[0m
  [1m[36mActiveRecord::InternalMetadata Load (0.1ms)[0m  [1m[34mSELECT * FROM "ar_internal_metadata" WHERE "ar_internal_metadata"."key" = ? ORDER BY "ar_internal_metadata"."key" ASC LIMIT 1[0m  [[nil, "environment"]]
  [1m[36mActiveRecord::SchemaMigration Load (0.1ms)[0m  [1m[34mSELECT "schema_migrations"."version" FROM "schema_migrations" ORDER BY "schema_migrations"."version" ASC[0m
  [1m[36mActiveRecord::SchemaMigration Load (0.0ms)[0m  [1m[34mSELECT "schema_migrations"."version" FROM "schema_migrations" ORDER BY "schema_migrations"."version" ASC[0m
  [1m[36mActiveRecord::InternalMetadata Load (0.2ms)[0m  [1m[34mSELECT * FROM "ar_internal_metadata" WHERE "ar_internal_metadata"."key" = ? ORDER BY "ar_internal_metadata"."key" ASC LIMIT 1[0m  [[nil, "environment"]]
  [1m[36mActiveRecord::SchemaMigration Load (0.1ms)[0m  [1m[34mSELECT "schema_migrations"."version" FROM "schema_migrations" ORDER BY "schema_migrations"."version" ASC[0m
Migrating to CreateVishal1s (20240731125111)
  [1m[36mTRANSACTION (0.1ms)[0m  [1m[36mbegin transaction[0m
  [1m[35m (1.1ms)[0m  [1m[35mCREATE TABLE "vishal1s" ("id" integer PRIMARY KEY AUTOINCREMENT NOT NULL, "name" varchar, "code" varchar, "created_at" datetime(6) NOT NULL, "updated_at" datetime(6) NOT NULL)[0m
  [1m[36mActiveRecord::SchemaMigration Create (0.1ms)[0m  [1m[32mINSERT INTO "schema_migrations" ("version") VALUES ('20240731125111') RETURNING "version"[0m
  [1m[36mTRANSACTION (0.1ms)[0m  [1m[36mcommit transaction[0m
  [1m[36mActiveRecord::SchemaMigration Load (0.2ms)[0m  [1m[34mSELECT "schema_migrations"."version" FROM "schema_migrations" ORDER BY "schema_migrations"."version" ASC[0m
  [1m[36mTRANSACTION (0.1ms)[0m  [1m[36mbegin transaction[0m
  [1m[36mVishal1 Create (0.6ms)[0m  [1m[32mINSERT INTO "vishal1s" ("name", "code", "created_at", "updated_at") VALUES (?, ?, ?, ?) RETURNING "id"[0m  [["name", "raja1"], ["code", "123"], ["created_at", "2024-07-31 12:55:53.944502"], ["updated_at", "2024-07-31 12:55:53.944502"]]
  [1m[36mTRANSACTION (0.1ms)[0m  [1m[36mcommit transaction[0m
  [1m[36mTRANSACTION (0.1ms)[0m  [1m[36mbegin transaction[0m
  [1m[36mVishal1 Create (0.4ms)[0m  [1m[32mINSERT INTO "vishal1s" ("name", "code", "created_at", "updated_at") VALUES (?, ?, ?, ?) RETURNING "id"[0m  [["name", "vishal"], ["code", "abc"], ["created_at", "2024-07-31 12:58:00.601397"], ["updated_at", "2024-07-31 12:58:00.601397"]]
  [1m[36mTRANSACTION (0.1ms)[0m  [1m[36mcommit transaction[0m
  [1m[36mTRANSACTION (0.1ms)[0m  [1m[36mbegin transaction[0m
  [1m[36mVishal1 Create (1.0ms)[0m  [1m[32mINSERT INTO "vishal1s" ("name", "code", "created_at", "updated_at") VALUES (?, ?, ?, ?) RETURNING "id"[0m  [["name", "simran"], ["code", "xyz"], ["created_at", "2024-07-31 12:59:44.588673"], ["updated_at", "2024-07-31 12:59:44.588673"]]
  [1m[36mTRANSACTION (0.3ms)[0m  [1m[36mcommit transaction[0m
  [1m[36mTRANSACTION (0.1ms)[0m  [1m[36mbegin transaction[0m
  [1m[36mVishal1 Create (0.4ms)[0m  [1m[32mINSERT INTO "vishal1s" ("name", "code", "created_at", "updated_at") VALUES (?, ?, ?, ?) RETURNING "id"[0m  [["name", "boon"], ["code", "xyz"], ["created_at", "2024-07-31 13:01:40.083544"], ["updated_at", "2024-07-31 13:01:40.083544"]]
  [1m[36mTRANSACTION (0.1ms)[0m  [1m[36mcommit transaction[0m
  [1m[36mVishal1 Load (0.4ms)[0m  [1m[34mSELECT "vishal1s".* FROM "vishal1s" /* loading for pp */ LIMIT ?[0m  [["LIMIT", 11]]
  [1m[36mActiveRecord::InternalMetadata Load (0.2ms)[0m  [1m[34mSELECT * FROM "ar_internal_metadata" WHERE "ar_internal_metadata"."key" = ? ORDER BY "ar_internal_metadata"."key" ASC LIMIT 1[0m  [[nil, "environment"]]
  [1m[36mActiveRecord::SchemaMigration Load (0.1ms)[0m  [1m[34mSELECT "schema_migrations"."version" FROM "schema_migrations" ORDER BY "schema_migrations"."version" ASC[0m
  [1m[36mActiveRecord::SchemaMigration Load (0.0ms)[0m  [1m[34mSELECT "schema_migrations"."version" FROM "schema_migrations" ORDER BY "schema_migrations"."version" ASC[0m
  [1m[36mTRANSACTION (0.1ms)[0m  [1m[36mbegin transaction[0m
  [1m[36mVishal1 Create (0.7ms)[0m  [1m[32mINSERT INTO "vishal1s" ("name", "code", "created_at", "updated_at") VALUES (?, ?, ?, ?) RETURNING "id"[0m  [["name", "boon"], ["code", "xyz"], ["created_at", "2024-07-31 13:03:00.276837"], ["updated_at", "2024-07-31 13:03:00.276837"]]
  [1m[36mTRANSACTION (0.1ms)[0m  [1m[36mcommit transaction[0m
  [1m[36mVishal1 Load (0.2ms)[0m  [1m[34mSELECT "vishal1s".* FROM "vishal1s" WHERE "vishal1s"."name" = ? LIMIT ?[0m  [["name", "vishal"], ["LIMIT", 1]]
  [1m[36mTRANSACTION (0.2ms)[0m  [1m[36mbegin transaction[0m
  [1m[36mVishal1 Destroy (0.8ms)[0m  [1m[31mDELETE FROM "vishal1s" WHERE "vishal1s"."id" = ?[0m  [["id", 2]]
  [1m[36mTRANSACTION (0.3ms)[0m  [1m[36mcommit transaction[0m
  [1m[36mActiveRecord::InternalMetadata Load (0.2ms)[0m  [1m[34mSELECT * FROM "ar_internal_metadata" WHERE "ar_internal_metadata"."key" = ? ORDER BY "ar_internal_metadata"."key" ASC LIMIT 1[0m  [[nil, "environment"]]
  [1m[36mActiveRecord::SchemaMigration Load (0.1ms)[0m  [1m[34mSELECT "schema_migrations"."version" FROM "schema_migrations" ORDER BY "schema_migrations"."version" ASC[0m
  [1m[36mActiveRecord::SchemaMigration Load (0.0ms)[0m  [1m[34mSELECT "schema_migrations"."version" FROM "schema_migrations" ORDER BY "schema_migrations"."version" ASC[0m
  [1m[36mTRANSACTION (0.1ms)[0m  [1m[36mbegin transaction[0m
  [1m[36mVishal1 Create (0.6ms)[0m  [1m[32mINSERT INTO "vishal1s" ("name", "code", "created_at", "updated_at") VALUES (?, ?, ?, ?) RETURNING "id"[0m  [["name", "java"], ["code", "xyz"], ["created_at", "2024-07-31 13:06:38.938528"], ["updated_at", "2024-07-31 13:06:38.938528"]]
  [1m[36mTRANSACTION (0.1ms)[0m  [1m[36mcommit transaction[0m
  [1m[36mVishal1 Load (0.2ms)[0m  [1m[34mSELECT "vishal1s".* FROM "vishal1s" WHERE "vishal1s"."name" = ? LIMIT ?[0m  [["name", "java"], ["LIMIT", 1]]
  [1m[36mTRANSACTION (0.1ms)[0m  [1m[36mbegin transaction[0m
  [1m[36mVishal1 Destroy (1.1ms)[0m  [1m[31mDELETE FROM "vishal1s" WHERE "vishal1s"."id" = ?[0m  [["id", 6]]
  [1m[36mTRANSACTION (0.2ms)[0m  [1m[36mcommit transaction[0m
  [1m[36mVishal1 Load (0.4ms)[0m  [1m[34mSELECT "vishal1s".* FROM "vishal1s" /* loading for pp */ LIMIT ?[0m  [["LIMIT", 11]]
  [1m[36mVishal1 Load (0.2ms)[0m  [1m[34mSELECT "vishal1s".* FROM "vishal1s" /* loading for pp */ LIMIT ?[0m  [["LIMIT", 11]]
  [1m[36mVishal1 Load (0.2ms)[0m  [1m[34mSELECT "vishal1s".* FROM "vishal1s" WHERE "vishal1s"."name" = ? LIMIT ?[0m  [["name", "raja1"], ["LIMIT", 1]]
  [1m[36mActiveRecord::InternalMetadata Load (0.1ms)[0m  [1m[34mSELECT * FROM "ar_internal_metadata" WHERE "ar_internal_metadata"."key" = ? ORDER BY "ar_internal_metadata"."key" ASC LIMIT 1[0m  [[nil, "environment"]]
  [1m[36mActiveRecord::SchemaMigration Load (0.1ms)[0m  [1m[34mSELECT "schema_migrations"."version" FROM "schema_migrations" ORDER BY "schema_migrations"."version" ASC[0m
  [1m[36mActiveRecord::SchemaMigration Load (0.0ms)[0m  [1m[34mSELECT "schema_migrations"."version" FROM "schema_migrations" ORDER BY "schema_migrations"."version" ASC[0m
  [1m[36mVishal1 Load (0.1ms)[0m  [1m[34mSELECT "vishal1s".* FROM "vishal1s" WHERE "vishal1s"."name" = ? LIMIT ?[0m  [["name", "raja1"], ["LIMIT", 1]]
  [1m[36mTRANSACTION (0.2ms)[0m  [1m[36mbegin transaction[0m
  [1m[36mVishal1 Update (1.0ms)[0m  [1m[33mUPDATE "vishal1s" SET "name" = ?, "updated_at" = ? WHERE "vishal1s"."id" = ?[0m  [["name", "vishal"], ["updated_at", "2024-07-31 13:16:38.159688"], ["id", 1]]
  [1m[36mTRANSACTION (0.2ms)[0m  [1m[36mcommit transaction[0m
  [1m[36mActiveRecord::InternalMetadata Load (0.2ms)[0m  [1m[34mSELECT * FROM "ar_internal_metadata" WHERE "ar_internal_metadata"."key" = ? ORDER BY "ar_internal_metadata"."key" ASC LIMIT 1[0m  [[nil, "environment"]]
  [1m[36mActiveRecord::SchemaMigration Load (0.1ms)[0m  [1m[34mSELECT "schema_migrations"."version" FROM "schema_migrations" ORDER BY "schema_migrations"."version" ASC[0m
  [1m[36mActiveRecord::SchemaMigration Load (0.0ms)[0m  [1m[34mSELECT "schema_migrations"."version" FROM "schema_migrations" ORDER BY "schema_migrations"."version" ASC[0m
  [1m[36mVishal1 Load (0.3ms)[0m  [1m[34mSELECT "vishal1s".* FROM "vishal1s" ORDER BY "vishal1s"."id" ASC LIMIT ?[0m  [["LIMIT", 1]]
  [1m[36mActiveRecord::InternalMetadata Load (0.2ms)[0m  [1m[34mSELECT * FROM "ar_internal_metadata" WHERE "ar_internal_metadata"."key" = ? ORDER BY "ar_internal_metadata"."key" ASC LIMIT 1[0m  [[nil, "environment"]]
  [1m[36mActiveRecord::SchemaMigration Load (0.1ms)[0m  [1m[34mSELECT "schema_migrations"."version" FROM "schema_migrations" ORDER BY "schema_migrations"."version" ASC[0m
  [1m[36mActiveRecord::SchemaMigration Load (0.0ms)[0m  [1m[34mSELECT "schema_migrations"."version" FROM "schema_migrations" ORDER BY "schema_migrations"."version" ASC[0m
  [1m[36mTRANSACTION (0.1ms)[0m  [1m[36mbegin transaction[0m
  [1m[36mVishal1 Create (0.5ms)[0m  [1m[32mINSERT INTO "vishal1s" ("name", "code", "created_at", "updated_at") VALUES (?, ?, ?, ?) RETURNING "id"[0m  [["name", "rahul"], ["code", "1234"], ["created_at", "2024-07-31 13:27:39.143383"], ["updated_at", "2024-07-31 13:27:39.143383"]]
  [1m[36mTRANSACTION (0.1ms)[0m  [1m[36mcommit transaction[0m
  [1m[36mVishal1 Load (0.2ms)[0m  [1m[34mSELECT "vishal1s".* FROM "vishal1s" /* loading for pp */ LIMIT ?[0m  [["LIMIT", 11]]
  [1m[36mVishal1 Load (0.3ms)[0m  [1m[34mSELECT "vishal1s".* FROM "vishal1s" ORDER BY "vishal1s"."id" DESC LIMIT ?[0m  [["LIMIT", 1]]
  [1m[36mVishal1 Load (0.1ms)[0m  [1m[34mSELECT "vishal1s".* FROM "vishal1s" WHERE "vishal1s"."name" = ? LIMIT ?[0m  [["name", "rahul"], ["LIMIT", 1]]
  [1m[36mTRANSACTION (0.1ms)[0m  [1m[36mbegin transaction[0m
  [1m[36mVishal1 Update (0.8ms)[0m  [1m[33mUPDATE "vishal1s" SET "updated_at" = ? WHERE "vishal1s"."id" = ?[0m  [["updated_at", "2024-07-31 13:31:59.619118"], ["id", 7]]
  [1m[36mTRANSACTION (0.3ms)[0m  [1m[36mcommit transaction[0m
  [1m[36mVishal1 Load (0.2ms)[0m  [1m[34mSELECT "vishal1s".* FROM "vishal1s" /* loading for pp */ LIMIT ?[0m  [["LIMIT", 11]]
  [1m[36mTRANSACTION (0.2ms)[0m  [1m[36mbegin transaction[0m
  [1m[36mVishal1 Create (2.4ms)[0m  [1m[32mINSERT INTO "vishal1s" ("name", "code", "created_at", "updated_at") VALUES (?, ?, ?, ?) RETURNING "id"[0m  [["name", "modiji"], ["code", "214"], ["created_at", "2024-08-01 09:40:43.599384"], ["updated_at", "2024-08-01 09:40:43.599384"]]
  [1m[36mTRANSACTION (0.3ms)[0m  [1m[36mcommit transaction[0m
  [1m[36mVishal1 Load (0.6ms)[0m  [1m[34mSELECT "vishal1s".* FROM "vishal1s" /* loading for pp */ LIMIT ?[0m  [["LIMIT", 11]]
  [1m[36mVishal1 Load (0.1ms)[0m  [1m[34mSELECT "vishal1s".* FROM "vishal1s" WHERE "vishal1s"."id" = ? LIMIT ?[0m  [["id", 1], ["LIMIT", 1]]
  [1m[36mTRANSACTION (0.1ms)[0m  [1m[36mbegin transaction[0m
  [1m[36mVishal1 Update (0.8ms)[0m  [1m[33mUPDATE "vishal1s" SET "updated_at" = ? WHERE "vishal1s"."id" = ?[0m  [["updated_at", "2024-08-01 09:57:41.169614"], ["id", 1]]
  [1m[36mTRANSACTION (0.2ms)[0m  [1m[36mcommit transaction[0m
  [1m[36mVishal1 Load (0.5ms)[0m  [1m[34mSELECT "vishal1s".* FROM "vishal1s" /* loading for pp */ LIMIT ?[0m  [["LIMIT", 11]]
  [1m[36mVishal1 Load (0.2ms)[0m  [1m[34mSELECT "vishal1s".* FROM "vishal1s" WHERE "vishal1s"."name" = ? LIMIT ?[0m  [["name", "rahul"], ["LIMIT", 1]]
  [1m[36mVishal1 Load (0.4ms)[0m  [1m[34mSELECT "vishal1s".* FROM "vishal1s" /* loading for pp */ LIMIT ?[0m  [["LIMIT", 11]]
  [1m[36mActiveRecord::InternalMetadata Load (0.3ms)[0m  [1m[34mSELECT * FROM "ar_internal_metadata" WHERE "ar_internal_metadata"."key" = ? ORDER BY "ar_internal_metadata"."key" ASC LIMIT 1[0m  [[nil, "environment"]]
  [1m[36mActiveRecord::SchemaMigration Load (0.1ms)[0m  [1m[34mSELECT "schema_migrations"."version" FROM "schema_migrations" ORDER BY "schema_migrations"."version" ASC[0m
  [1m[36mActiveRecord::SchemaMigration Load (0.0ms)[0m  [1m[34mSELECT "schema_migrations"."version" FROM "schema_migrations" ORDER BY "schema_migrations"."version" ASC[0m
  [1m[36mActiveRecord::InternalMetadata Load (0.1ms)[0m  [1m[34mSELECT * FROM "ar_internal_metadata" WHERE "ar_internal_metadata"."key" = ? ORDER BY "ar_internal_metadata"."key" ASC LIMIT 1[0m  [[nil, "environment"]]
  [1m[36mActiveRecord::SchemaMigration Load (0.1ms)[0m  [1m[34mSELECT "schema_migrations"."version" FROM "schema_migrations" ORDER BY "schema_migrations"."version" ASC[0m
  [1m[36mActiveRecord::SchemaMigration Load (0.0ms)[0m  [1m[34mSELECT "schema_migrations"."version" FROM "schema_migrations" ORDER BY "schema_migrations"."version" ASC[0m
  [1m[36mVishal1 Load (0.4ms)[0m  [1m[34mSELECT "vishal1s".* FROM "vishal1s" /* loading for pp */ LIMIT ?[0m  [["LIMIT", 11]]
  [1m[36mTRANSACTION (0.1ms)[0m  [1m[36mbegin transaction[0m
  [1m[36mVishal1 Create (0.5ms)[0m  [1m[32mINSERT INTO "vishal1s" ("name", "code", "created_at", "updated_at") VALUES (?, ?, ?, ?) RETURNING "id"[0m  [["name", "lalu"], ["code", "420"], ["created_at", "2024-08-02 07:25:45.330433"], ["updated_at", "2024-08-02 07:25:45.330433"]]
  [1m[36mTRANSACTION (0.1ms)[0m  [1m[36mcommit transaction[0m
  [1m[36mActiveRecord::InternalMetadata Load (0.2ms)[0m  [1m[34mSELECT * FROM "ar_internal_metadata" WHERE "ar_internal_metadata"."key" = ? ORDER BY "ar_internal_metadata"."key" ASC LIMIT 1[0m  [[nil, "environment"]]
  [1m[36mActiveRecord::SchemaMigration Load (0.1ms)[0m  [1m[34mSELECT "schema_migrations"."version" FROM "schema_migrations" ORDER BY "schema_migrations"."version" ASC[0m
  [1m[36mActiveRecord::SchemaMigration Load (0.0ms)[0m  [1m[34mSELECT "schema_migrations"."version" FROM "schema_migrations" ORDER BY "schema_migrations"."version" ASC[0m
  [1m[36mTRANSACTION (0.1ms)[0m  [1m[36mbegin transaction[0m
  [1m[36mVishal1 Create (0.5ms)[0m  [1m[32mINSERT INTO "vishal1s" ("name", "code", "created_at", "updated_at") VALUES (?, ?, ?, ?) RETURNING "id"[0m  [["name", "mamta"], ["code", "420"], ["created_at", "2024-08-02 07:32:01.350822"], ["updated_at", "2024-08-02 07:32:01.350822"]]
  [1m[36mTRANSACTION (0.1ms)[0m  [1m[36mcommit transaction[0m
  [1m[36mVishal1 Load (0.7ms)[0m  [1m[34mSELECT "vishal1s".* FROM "vishal1s" /* loading for pp */ LIMIT ?[0m  [["LIMIT", 11]]
  [1m[36mVishal1 Load (0.3ms)[0m  [1m[34mSELECT "vishal1s".* FROM "vishal1s" /* loading for pp */ LIMIT ?[0m  [["LIMIT", 11]]
  [1m[36mVishal1 Load (0.3ms)[0m  [1m[34mSELECT "vishal1s".* FROM "vishal1s" WHERE "vishal1s"."id" = ? LIMIT ?[0m  [["id", 1], ["LIMIT", 1]]
  [1m[36mVishal1 Load (0.2ms)[0m  [1m[34mSELECT "vishal1s".* FROM "vishal1s" WHERE "vishal1s"."id" = ? LIMIT ?[0m  [["id", 1], ["LIMIT", 1]]
  [1m[36mVishal1 Load (0.2ms)[0m  [1m[34mSELECT "vishal1s".* FROM "vishal1s" WHERE "vishal1s"."id" = ? LIMIT ?[0m  [["id", 1123], ["LIMIT", 1]]
  [1m[36mVishal1 Load (0.2ms)[0m  [1m[34mSELECT "vishal1s".* FROM "vishal1s" WHERE "vishal1s"."id" = ? LIMIT ?[0m  [["id", 1123], ["LIMIT", 1]]
